<?xml version="1.0" encoding="UTF-8"?>
<testng-results skipped="0" failed="1" ignored="2" total="5" passed="2">
  <reporter-output>
  </reporter-output>
  <suite name="Suite" duration-ms="41012" started-at="2020-03-24T11:51:59Z" finished-at="2020-03-24T11:52:40Z">
    <groups>
    </groups>
    <test name="Test" duration-ms="41012" started-at="2020-03-24T11:51:59Z" finished-at="2020-03-24T11:52:40Z">
      <class name="com.qa.Testcases.ContactsTest">
        <test-method status="PASS" signature="setup()[pri:0, instance:com.qa.Testcases.ContactsTest@64a1923a]" name="setup" is-config="true" duration-ms="16683" started-at="2020-03-24T11:52:00Z" finished-at="2020-03-24T11:52:17Z">
          <reporter-output>
          </reporter-output>
        </test-method> <!-- setup -->
        <test-method status="PASS" signature="login()[pri:1, instance:com.qa.Testcases.ContactsTest@64a1923a]" name="login" duration-ms="8792" started-at="2020-03-24T11:52:17Z" finished-at="2020-03-24T11:52:26Z">
          <reporter-output>
          </reporter-output>
        </test-method> <!-- login -->
        <test-method status="FAIL" signature="confirmTitle()[pri:2, instance:com.qa.Testcases.ContactsTest@64a1923a]" name="confirmTitle" duration-ms="5295" started-at="2020-03-24T11:52:26Z" finished-at="2020-03-24T11:52:31Z">
          <exception class="java.lang.AssertionError">
            <message>
              <![CDATA[expected [Reports dashboard1] but found [Reports dashboard]]]>
            </message>
            <full-stacktrace>
              <![CDATA[java.lang.AssertionError: expected [Reports dashboard1] but found [Reports dashboard]
at org.testng.Assert.fail(Assert.java:96)
at org.testng.Assert.failNotEquals(Assert.java:776)
at org.testng.Assert.assertEqualsImpl(Assert.java:137)
at org.testng.Assert.assertEquals(Assert.java:118)
at org.testng.Assert.assertEquals(Assert.java:453)
at org.testng.Assert.assertEquals(Assert.java:463)
at com.qa.Testcases.LoginTest.confirmTitle(LoginTest.java:55)
at sun.reflect.NativeMethodAccessorImpl.invoke0(Native Method)
at sun.reflect.NativeMethodAccessorImpl.invoke(Unknown Source)
at sun.reflect.DelegatingMethodAccessorImpl.invoke(Unknown Source)
at java.lang.reflect.Method.invoke(Unknown Source)
at org.testng.internal.MethodInvocationHelper.invokeMethod(MethodInvocationHelper.java:124)
at org.testng.internal.Invoker.invokeMethod(Invoker.java:580)
at org.testng.internal.Invoker.invokeTestMethod(Invoker.java:716)
at org.testng.internal.Invoker.invokeTestMethods(Invoker.java:988)
at org.testng.internal.TestMethodWorker.invokeTestMethods(TestMethodWorker.java:125)
at org.testng.internal.TestMethodWorker.run(TestMethodWorker.java:109)
at org.testng.TestRunner.privateRun(TestRunner.java:648)
at org.testng.TestRunner.run(TestRunner.java:505)
at org.testng.SuiteRunner.runTest(SuiteRunner.java:455)
at org.testng.SuiteRunner.runSequentially(SuiteRunner.java:450)
at org.testng.SuiteRunner.privateRun(SuiteRunner.java:415)
at org.testng.SuiteRunner.run(SuiteRunner.java:364)
at org.testng.SuiteRunnerWorker.runSuite(SuiteRunnerWorker.java:52)
at org.testng.SuiteRunnerWorker.run(SuiteRunnerWorker.java:84)
at org.testng.TestNG.runSuitesSequentially(TestNG.java:1208)
at org.testng.TestNG.runSuitesLocally(TestNG.java:1137)
at org.testng.TestNG.runSuites(TestNG.java:1049)
at org.testng.TestNG.run(TestNG.java:1017)
at org.testng.remote.AbstractRemoteTestNG.run(AbstractRemoteTestNG.java:114)
at org.testng.remote.RemoteTestNG.initAndRun(RemoteTestNG.java:251)
at org.testng.remote.RemoteTestNG.main(RemoteTestNG.java:77)
]]>
            </full-stacktrace>
          </exception> <!-- java.lang.AssertionError -->
          <reporter-output>
          </reporter-output>
        </test-method> <!-- confirmTitle -->
        <test-method status="PASS" signature="createcontact()[pri:3, instance:com.qa.Testcases.ContactsTest@64a1923a]" name="createcontact" duration-ms="8825" started-at="2020-03-24T11:52:32Z" finished-at="2020-03-24T11:52:40Z">
          <reporter-output>
          </reporter-output>
        </test-method> <!-- createcontact -->
      </class> <!-- com.qa.Testcases.ContactsTest -->
    </test> <!-- Test -->
  </suite> <!-- Suite -->
</testng-results>
